  [1m[36m (2.5ms)[0m  [1mCREATE TABLE "schema_migrations" ("version" character varying NOT NULL) [0m
  [1m[35m (0.8ms)[0m  CREATE UNIQUE INDEX  "unique_schema_migrations" ON "schema_migrations"  ("version")
  [1m[36mActiveRecord::SchemaMigration Load (0.2ms)[0m  [1mSELECT "schema_migrations".* FROM "schema_migrations"[0m
Migrating to CreateUrls (20150322223849)
  [1m[35m (0.1ms)[0m  BEGIN
  [1m[36m (2.3ms)[0m  [1mCREATE TABLE "urls" ("id" serial primary key, "long" character varying, "short" character varying, "title" character varying, "created_at" timestamp NOT NULL, "updated_at" timestamp NOT NULL) [0m
  [1m[35mSQL (0.2ms)[0m  INSERT INTO "schema_migrations" ("version") VALUES ($1)  [["version", "20150322223849"]]
  [1m[36m (0.3ms)[0m  [1mCOMMIT[0m
  [1m[35mActiveRecord::SchemaMigration Load (0.3ms)[0m  SELECT "schema_migrations".* FROM "schema_migrations"
  [1m[36m (1.5ms)[0m  [1mSELECT t2.oid::regclass::text AS to_table, a1.attname AS column, a2.attname AS primary_key, c.conname AS name, c.confupdtype AS on_update, c.confdeltype AS on_delete
FROM pg_constraint c
JOIN pg_class t1 ON c.conrelid = t1.oid
JOIN pg_class t2 ON c.confrelid = t2.oid
JOIN pg_attribute a1 ON a1.attnum = c.conkey[1] AND a1.attrelid = t1.oid
JOIN pg_attribute a2 ON a2.attnum = c.confkey[1] AND a2.attrelid = t2.oid
JOIN pg_namespace t3 ON c.connamespace = t3.oid
WHERE c.contype = 'f'
  AND t1.relname = 'urls'
  AND t3.nspname = ANY (current_schemas(false))
ORDER BY c.conname
[0m


Started GET "/" for 127.0.0.1 at 2015-03-22 16:52:24 -0600
  [1m[36mActiveRecord::SchemaMigration Load (0.2ms)[0m  [1mSELECT "schema_migrations".* FROM "schema_migrations"[0m
Processing by Rails::WelcomeController#index as HTML
  Rendered /Library/Ruby/Gems/2.0.0/gems/railties-4.2.1/lib/rails/templates/rails/welcome/index.html.erb (0.9ms)
Completed 200 OK in 4ms (Views: 3.9ms | ActiveRecord: 0.0ms)


Started GET "/" for 127.0.0.1 at 2015-03-22 16:54:44 -0600
Processing by Rails::WelcomeController#index as HTML
  Rendered /Library/Ruby/Gems/2.0.0/gems/railties-4.2.1/lib/rails/templates/rails/welcome/index.html.erb (0.1ms)
Completed 200 OK in 1ms (Views: 0.7ms | ActiveRecord: 0.0ms)


Started GET "/" for 127.0.0.1 at 2015-03-22 16:54:59 -0600
Processing by Rails::WelcomeController#index as HTML
  Rendered /Library/Ruby/Gems/2.0.0/gems/railties-4.2.1/lib/rails/templates/rails/welcome/index.html.erb (0.0ms)
Completed 200 OK in 1ms (Views: 0.5ms | ActiveRecord: 0.0ms)


Started GET "/" for 127.0.0.1 at 2015-03-22 17:17:21 -0600
  [1m[36mActiveRecord::SchemaMigration Load (0.2ms)[0m  [1mSELECT "schema_migrations".* FROM "schema_migrations"[0m
Processing by Rails::WelcomeController#index as HTML
  Rendered /Library/Ruby/Gems/2.0.0/gems/railties-4.2.1/lib/rails/templates/rails/welcome/index.html.erb (0.8ms)
Completed 200 OK in 3ms (Views: 3.3ms | ActiveRecord: 0.0ms)


Started GET "/" for 127.0.0.1 at 2015-03-22 17:17:27 -0600
Processing by Rails::WelcomeController#index as HTML
  Rendered /Library/Ruby/Gems/2.0.0/gems/railties-4.2.1/lib/rails/templates/rails/welcome/index.html.erb (0.0ms)
Completed 200 OK in 1ms (Views: 0.6ms | ActiveRecord: 0.0ms)


Started GET "/api/v1/urls" for 127.0.0.1 at 2015-03-22 17:17:39 -0600

ActionController::RoutingError (No route matches [GET] "/api/v1/urls"):
  actionpack (4.2.1) lib/action_dispatch/middleware/debug_exceptions.rb:21:in `call'
  actionpack (4.2.1) lib/action_dispatch/middleware/show_exceptions.rb:30:in `call'
  railties (4.2.1) lib/rails/rack/logger.rb:38:in `call_app'
  railties (4.2.1) lib/rails/rack/logger.rb:20:in `block in call'
  activesupport (4.2.1) lib/active_support/tagged_logging.rb:68:in `block in tagged'
  activesupport (4.2.1) lib/active_support/tagged_logging.rb:26:in `tagged'
  activesupport (4.2.1) lib/active_support/tagged_logging.rb:68:in `tagged'
  railties (4.2.1) lib/rails/rack/logger.rb:20:in `call'
  actionpack (4.2.1) lib/action_dispatch/middleware/request_id.rb:21:in `call'
  rack (1.6.0) lib/rack/runtime.rb:18:in `call'
  activesupport (4.2.1) lib/active_support/cache/strategy/local_cache_middleware.rb:28:in `call'
  rack (1.6.0) lib/rack/lock.rb:17:in `call'
  actionpack (4.2.1) lib/action_dispatch/middleware/static.rb:113:in `call'
  railties (4.2.1) lib/rails/engine.rb:518:in `call'
  railties (4.2.1) lib/rails/application.rb:164:in `call'
  rack (1.6.0) lib/rack/lock.rb:17:in `call'
  rack (1.6.0) lib/rack/content_length.rb:15:in `call'
  rack (1.6.0) lib/rack/handler/webrick.rb:89:in `service'
  /System/Library/Frameworks/Ruby.framework/Versions/2.0/usr/lib/ruby/2.0.0/webrick/httpserver.rb:138:in `service'
  /System/Library/Frameworks/Ruby.framework/Versions/2.0/usr/lib/ruby/2.0.0/webrick/httpserver.rb:94:in `run'
  /System/Library/Frameworks/Ruby.framework/Versions/2.0/usr/lib/ruby/2.0.0/webrick/server.rb:295:in `block in start_thread'


  Rendered /Library/Ruby/Gems/2.0.0/gems/actionpack-4.2.1/lib/action_dispatch/middleware/templates/rescues/_trace.html.erb (0.8ms)
  Rendered /Library/Ruby/Gems/2.0.0/gems/actionpack-4.2.1/lib/action_dispatch/middleware/templates/routes/_route.html.erb (0.7ms)
  Rendered /Library/Ruby/Gems/2.0.0/gems/actionpack-4.2.1/lib/action_dispatch/middleware/templates/routes/_table.html.erb (3.6ms)
  Rendered /Library/Ruby/Gems/2.0.0/gems/actionpack-4.2.1/lib/action_dispatch/middleware/templates/rescues/_request_and_response.html.erb (0.6ms)
  Rendered /Library/Ruby/Gems/2.0.0/gems/actionpack-4.2.1/lib/action_dispatch/middleware/templates/rescues/routing_error.html.erb within rescues/layout (18.5ms)


Started GET "/api/v1/urls" for 127.0.0.1 at 2015-03-22 17:18:04 -0600

ActionController::RoutingError (No route matches [GET] "/api/v1/urls"):
  actionpack (4.2.1) lib/action_dispatch/middleware/debug_exceptions.rb:21:in `call'
  actionpack (4.2.1) lib/action_dispatch/middleware/show_exceptions.rb:30:in `call'
  railties (4.2.1) lib/rails/rack/logger.rb:38:in `call_app'
  railties (4.2.1) lib/rails/rack/logger.rb:20:in `block in call'
  activesupport (4.2.1) lib/active_support/tagged_logging.rb:68:in `block in tagged'
  activesupport (4.2.1) lib/active_support/tagged_logging.rb:26:in `tagged'
  activesupport (4.2.1) lib/active_support/tagged_logging.rb:68:in `tagged'
  railties (4.2.1) lib/rails/rack/logger.rb:20:in `call'
  actionpack (4.2.1) lib/action_dispatch/middleware/request_id.rb:21:in `call'
  rack (1.6.0) lib/rack/runtime.rb:18:in `call'
  activesupport (4.2.1) lib/active_support/cache/strategy/local_cache_middleware.rb:28:in `call'
  rack (1.6.0) lib/rack/lock.rb:17:in `call'
  actionpack (4.2.1) lib/action_dispatch/middleware/static.rb:113:in `call'
  railties (4.2.1) lib/rails/engine.rb:518:in `call'
  railties (4.2.1) lib/rails/application.rb:164:in `call'
  rack (1.6.0) lib/rack/lock.rb:17:in `call'
  rack (1.6.0) lib/rack/content_length.rb:15:in `call'
  rack (1.6.0) lib/rack/handler/webrick.rb:89:in `service'
  /System/Library/Frameworks/Ruby.framework/Versions/2.0/usr/lib/ruby/2.0.0/webrick/httpserver.rb:138:in `service'
  /System/Library/Frameworks/Ruby.framework/Versions/2.0/usr/lib/ruby/2.0.0/webrick/httpserver.rb:94:in `run'
  /System/Library/Frameworks/Ruby.framework/Versions/2.0/usr/lib/ruby/2.0.0/webrick/server.rb:295:in `block in start_thread'


  Rendered /Library/Ruby/Gems/2.0.0/gems/actionpack-4.2.1/lib/action_dispatch/middleware/templates/rescues/_trace.html.erb (0.7ms)
  Rendered /Library/Ruby/Gems/2.0.0/gems/actionpack-4.2.1/lib/action_dispatch/middleware/templates/routes/_route.html.erb (0.6ms)
  Rendered /Library/Ruby/Gems/2.0.0/gems/actionpack-4.2.1/lib/action_dispatch/middleware/templates/routes/_table.html.erb (0.7ms)
  Rendered /Library/Ruby/Gems/2.0.0/gems/actionpack-4.2.1/lib/action_dispatch/middleware/templates/rescues/_request_and_response.html.erb (0.8ms)
  Rendered /Library/Ruby/Gems/2.0.0/gems/actionpack-4.2.1/lib/action_dispatch/middleware/templates/rescues/routing_error.html.erb within rescues/layout (12.0ms)


Started GET "/api/v1/urls" for 127.0.0.1 at 2015-03-22 17:18:10 -0600

ActionController::RoutingError (No route matches [GET] "/api/v1/urls"):
  actionpack (4.2.1) lib/action_dispatch/middleware/debug_exceptions.rb:21:in `call'
  actionpack (4.2.1) lib/action_dispatch/middleware/show_exceptions.rb:30:in `call'
  railties (4.2.1) lib/rails/rack/logger.rb:38:in `call_app'
  railties (4.2.1) lib/rails/rack/logger.rb:20:in `block in call'
  activesupport (4.2.1) lib/active_support/tagged_logging.rb:68:in `block in tagged'
  activesupport (4.2.1) lib/active_support/tagged_logging.rb:26:in `tagged'
  activesupport (4.2.1) lib/active_support/tagged_logging.rb:68:in `tagged'
  railties (4.2.1) lib/rails/rack/logger.rb:20:in `call'
  actionpack (4.2.1) lib/action_dispatch/middleware/request_id.rb:21:in `call'
  rack (1.6.0) lib/rack/runtime.rb:18:in `call'
  activesupport (4.2.1) lib/active_support/cache/strategy/local_cache_middleware.rb:28:in `call'
  rack (1.6.0) lib/rack/lock.rb:17:in `call'
  actionpack (4.2.1) lib/action_dispatch/middleware/static.rb:113:in `call'
  railties (4.2.1) lib/rails/engine.rb:518:in `call'
  railties (4.2.1) lib/rails/application.rb:164:in `call'
  rack (1.6.0) lib/rack/lock.rb:17:in `call'
  rack (1.6.0) lib/rack/content_length.rb:15:in `call'
  rack (1.6.0) lib/rack/handler/webrick.rb:89:in `service'
  /System/Library/Frameworks/Ruby.framework/Versions/2.0/usr/lib/ruby/2.0.0/webrick/httpserver.rb:138:in `service'
  /System/Library/Frameworks/Ruby.framework/Versions/2.0/usr/lib/ruby/2.0.0/webrick/httpserver.rb:94:in `run'
  /System/Library/Frameworks/Ruby.framework/Versions/2.0/usr/lib/ruby/2.0.0/webrick/server.rb:295:in `block in start_thread'


  Rendered /Library/Ruby/Gems/2.0.0/gems/actionpack-4.2.1/lib/action_dispatch/middleware/templates/rescues/_trace.html.erb (0.8ms)
  Rendered /Library/Ruby/Gems/2.0.0/gems/actionpack-4.2.1/lib/action_dispatch/middleware/templates/routes/_route.html.erb (0.6ms)
  Rendered /Library/Ruby/Gems/2.0.0/gems/actionpack-4.2.1/lib/action_dispatch/middleware/templates/routes/_table.html.erb (0.8ms)
  Rendered /Library/Ruby/Gems/2.0.0/gems/actionpack-4.2.1/lib/action_dispatch/middleware/templates/rescues/_request_and_response.html.erb (0.6ms)
  Rendered /Library/Ruby/Gems/2.0.0/gems/actionpack-4.2.1/lib/action_dispatch/middleware/templates/rescues/routing_error.html.erb within rescues/layout (12.1ms)


Started GET "/api/v1/urls" for 127.0.0.1 at 2015-03-22 17:18:11 -0600

ActionController::RoutingError (No route matches [GET] "/api/v1/urls"):
  actionpack (4.2.1) lib/action_dispatch/middleware/debug_exceptions.rb:21:in `call'
  actionpack (4.2.1) lib/action_dispatch/middleware/show_exceptions.rb:30:in `call'
  railties (4.2.1) lib/rails/rack/logger.rb:38:in `call_app'
  railties (4.2.1) lib/rails/rack/logger.rb:20:in `block in call'
  activesupport (4.2.1) lib/active_support/tagged_logging.rb:68:in `block in tagged'
  activesupport (4.2.1) lib/active_support/tagged_logging.rb:26:in `tagged'
  activesupport (4.2.1) lib/active_support/tagged_logging.rb:68:in `tagged'
  railties (4.2.1) lib/rails/rack/logger.rb:20:in `call'
  actionpack (4.2.1) lib/action_dispatch/middleware/request_id.rb:21:in `call'
  rack (1.6.0) lib/rack/runtime.rb:18:in `call'
  activesupport (4.2.1) lib/active_support/cache/strategy/local_cache_middleware.rb:28:in `call'
  rack (1.6.0) lib/rack/lock.rb:17:in `call'
  actionpack (4.2.1) lib/action_dispatch/middleware/static.rb:113:in `call'
  railties (4.2.1) lib/rails/engine.rb:518:in `call'
  railties (4.2.1) lib/rails/application.rb:164:in `call'
  rack (1.6.0) lib/rack/lock.rb:17:in `call'
  rack (1.6.0) lib/rack/content_length.rb:15:in `call'
  rack (1.6.0) lib/rack/handler/webrick.rb:89:in `service'
  /System/Library/Frameworks/Ruby.framework/Versions/2.0/usr/lib/ruby/2.0.0/webrick/httpserver.rb:138:in `service'
  /System/Library/Frameworks/Ruby.framework/Versions/2.0/usr/lib/ruby/2.0.0/webrick/httpserver.rb:94:in `run'
  /System/Library/Frameworks/Ruby.framework/Versions/2.0/usr/lib/ruby/2.0.0/webrick/server.rb:295:in `block in start_thread'


  Rendered /Library/Ruby/Gems/2.0.0/gems/actionpack-4.2.1/lib/action_dispatch/middleware/templates/rescues/_trace.html.erb (0.8ms)
  Rendered /Library/Ruby/Gems/2.0.0/gems/actionpack-4.2.1/lib/action_dispatch/middleware/templates/routes/_route.html.erb (0.7ms)
  Rendered /Library/Ruby/Gems/2.0.0/gems/actionpack-4.2.1/lib/action_dispatch/middleware/templates/routes/_table.html.erb (0.7ms)
  Rendered /Library/Ruby/Gems/2.0.0/gems/actionpack-4.2.1/lib/action_dispatch/middleware/templates/rescues/_request_and_response.html.erb (0.5ms)
  Rendered /Library/Ruby/Gems/2.0.0/gems/actionpack-4.2.1/lib/action_dispatch/middleware/templates/rescues/routing_error.html.erb within rescues/layout (11.9ms)


Started GET "/api/v1/urls" for 127.0.0.1 at 2015-03-22 17:18:12 -0600

ActionController::RoutingError (No route matches [GET] "/api/v1/urls"):
  actionpack (4.2.1) lib/action_dispatch/middleware/debug_exceptions.rb:21:in `call'
  actionpack (4.2.1) lib/action_dispatch/middleware/show_exceptions.rb:30:in `call'
  railties (4.2.1) lib/rails/rack/logger.rb:38:in `call_app'
  railties (4.2.1) lib/rails/rack/logger.rb:20:in `block in call'
  activesupport (4.2.1) lib/active_support/tagged_logging.rb:68:in `block in tagged'
  activesupport (4.2.1) lib/active_support/tagged_logging.rb:26:in `tagged'
  activesupport (4.2.1) lib/active_support/tagged_logging.rb:68:in `tagged'
  railties (4.2.1) lib/rails/rack/logger.rb:20:in `call'
  actionpack (4.2.1) lib/action_dispatch/middleware/request_id.rb:21:in `call'
  rack (1.6.0) lib/rack/runtime.rb:18:in `call'
  activesupport (4.2.1) lib/active_support/cache/strategy/local_cache_middleware.rb:28:in `call'
  rack (1.6.0) lib/rack/lock.rb:17:in `call'
  actionpack (4.2.1) lib/action_dispatch/middleware/static.rb:113:in `call'
  railties (4.2.1) lib/rails/engine.rb:518:in `call'
  railties (4.2.1) lib/rails/application.rb:164:in `call'
  rack (1.6.0) lib/rack/lock.rb:17:in `call'
  rack (1.6.0) lib/rack/content_length.rb:15:in `call'
  rack (1.6.0) lib/rack/handler/webrick.rb:89:in `service'
  /System/Library/Frameworks/Ruby.framework/Versions/2.0/usr/lib/ruby/2.0.0/webrick/httpserver.rb:138:in `service'
  /System/Library/Frameworks/Ruby.framework/Versions/2.0/usr/lib/ruby/2.0.0/webrick/httpserver.rb:94:in `run'
  /System/Library/Frameworks/Ruby.framework/Versions/2.0/usr/lib/ruby/2.0.0/webrick/server.rb:295:in `block in start_thread'


  Rendered /Library/Ruby/Gems/2.0.0/gems/actionpack-4.2.1/lib/action_dispatch/middleware/templates/rescues/_trace.html.erb (0.8ms)
  Rendered /Library/Ruby/Gems/2.0.0/gems/actionpack-4.2.1/lib/action_dispatch/middleware/templates/routes/_route.html.erb (0.6ms)
  Rendered /Library/Ruby/Gems/2.0.0/gems/actionpack-4.2.1/lib/action_dispatch/middleware/templates/routes/_table.html.erb (0.8ms)
  Rendered /Library/Ruby/Gems/2.0.0/gems/actionpack-4.2.1/lib/action_dispatch/middleware/templates/rescues/_request_and_response.html.erb (0.6ms)
  Rendered /Library/Ruby/Gems/2.0.0/gems/actionpack-4.2.1/lib/action_dispatch/middleware/templates/rescues/routing_error.html.erb within rescues/layout (12.0ms)


Started GET "/api/v1/url" for 127.0.0.1 at 2015-03-22 17:18:46 -0600

LoadError (Unable to autoload constant API::V1::URLController, expected /Users/nowsiany/Dropbox/turing/turing-3/jetfuel/app/controllers/api/v1/url_controller.rb to define it):
  activesupport (4.2.1) lib/active_support/dependencies.rb:495:in `load_missing_constant'
  activesupport (4.2.1) lib/active_support/dependencies.rb:184:in `const_missing'
  activesupport (4.2.1) lib/active_support/inflector/methods.rb:263:in `const_get'
  activesupport (4.2.1) lib/active_support/inflector/methods.rb:263:in `block in constantize'
  activesupport (4.2.1) lib/active_support/inflector/methods.rb:259:in `each'
  activesupport (4.2.1) lib/active_support/inflector/methods.rb:259:in `inject'
  activesupport (4.2.1) lib/active_support/inflector/methods.rb:259:in `constantize'
  activesupport (4.2.1) lib/active_support/dependencies.rb:566:in `get'
  activesupport (4.2.1) lib/active_support/dependencies.rb:597:in `constantize'
  actionpack (4.2.1) lib/action_dispatch/routing/route_set.rb:70:in `controller_reference'
  actionpack (4.2.1) lib/action_dispatch/routing/route_set.rb:60:in `controller'
  actionpack (4.2.1) lib/action_dispatch/routing/route_set.rb:39:in `serve'
  actionpack (4.2.1) lib/action_dispatch/journey/router.rb:43:in `block in serve'
  actionpack (4.2.1) lib/action_dispatch/journey/router.rb:30:in `each'
  actionpack (4.2.1) lib/action_dispatch/journey/router.rb:30:in `serve'
  actionpack (4.2.1) lib/action_dispatch/routing/route_set.rb:819:in `call'
  rack (1.6.0) lib/rack/etag.rb:24:in `call'
  rack (1.6.0) lib/rack/conditionalget.rb:25:in `call'
  rack (1.6.0) lib/rack/head.rb:13:in `call'
  actionpack (4.2.1) lib/action_dispatch/middleware/params_parser.rb:27:in `call'
  activerecord (4.2.1) lib/active_record/query_cache.rb:36:in `call'
  activerecord (4.2.1) lib/active_record/connection_adapters/abstract/connection_pool.rb:649:in `call'
  activerecord (4.2.1) lib/active_record/migration.rb:378:in `call'
  actionpack (4.2.1) lib/action_dispatch/middleware/callbacks.rb:29:in `block in call'
  activesupport (4.2.1) lib/active_support/callbacks.rb:88:in `call'
  activesupport (4.2.1) lib/active_support/callbacks.rb:88:in `_run_callbacks'
  activesupport (4.2.1) lib/active_support/callbacks.rb:776:in `_run_call_callbacks'
  activesupport (4.2.1) lib/active_support/callbacks.rb:81:in `run_callbacks'
  actionpack (4.2.1) lib/action_dispatch/middleware/callbacks.rb:27:in `call'
  actionpack (4.2.1) lib/action_dispatch/middleware/reloader.rb:73:in `call'
  actionpack (4.2.1) lib/action_dispatch/middleware/remote_ip.rb:78:in `call'
  actionpack (4.2.1) lib/action_dispatch/middleware/debug_exceptions.rb:17:in `call'
  actionpack (4.2.1) lib/action_dispatch/middleware/show_exceptions.rb:30:in `call'
  railties (4.2.1) lib/rails/rack/logger.rb:38:in `call_app'
  railties (4.2.1) lib/rails/rack/logger.rb:20:in `block in call'
  activesupport (4.2.1) lib/active_support/tagged_logging.rb:68:in `block in tagged'
  activesupport (4.2.1) lib/active_support/tagged_logging.rb:26:in `tagged'
  activesupport (4.2.1) lib/active_support/tagged_logging.rb:68:in `tagged'
  railties (4.2.1) lib/rails/rack/logger.rb:20:in `call'
  actionpack (4.2.1) lib/action_dispatch/middleware/request_id.rb:21:in `call'
  rack (1.6.0) lib/rack/runtime.rb:18:in `call'
  activesupport (4.2.1) lib/active_support/cache/strategy/local_cache_middleware.rb:28:in `call'
  rack (1.6.0) lib/rack/lock.rb:17:in `call'
  actionpack (4.2.1) lib/action_dispatch/middleware/static.rb:113:in `call'
  railties (4.2.1) lib/rails/engine.rb:518:in `call'
  railties (4.2.1) lib/rails/application.rb:164:in `call'
  rack (1.6.0) lib/rack/lock.rb:17:in `call'
  rack (1.6.0) lib/rack/content_length.rb:15:in `call'
  rack (1.6.0) lib/rack/handler/webrick.rb:89:in `service'
  /System/Library/Frameworks/Ruby.framework/Versions/2.0/usr/lib/ruby/2.0.0/webrick/httpserver.rb:138:in `service'
  /System/Library/Frameworks/Ruby.framework/Versions/2.0/usr/lib/ruby/2.0.0/webrick/httpserver.rb:94:in `run'
  /System/Library/Frameworks/Ruby.framework/Versions/2.0/usr/lib/ruby/2.0.0/webrick/server.rb:295:in `block in start_thread'


  Rendered /Library/Ruby/Gems/2.0.0/gems/actionpack-4.2.1/lib/action_dispatch/middleware/templates/rescues/_source.erb (2.8ms)
  Rendered /Library/Ruby/Gems/2.0.0/gems/actionpack-4.2.1/lib/action_dispatch/middleware/templates/rescues/_trace.html.erb (27.3ms)
  Rendered /Library/Ruby/Gems/2.0.0/gems/actionpack-4.2.1/lib/action_dispatch/middleware/templates/rescues/_request_and_response.html.erb (0.6ms)
  Rendered /Library/Ruby/Gems/2.0.0/gems/actionpack-4.2.1/lib/action_dispatch/middleware/templates/rescues/diagnostics.html.erb within rescues/layout (37.6ms)


Started GET "/api/v1/url" for 127.0.0.1 at 2015-03-22 17:21:24 -0600

LoadError (Unable to autoload constant API::V1::URLController, expected /Users/nowsiany/Dropbox/turing/turing-3/jetfuel/app/controllers/api/v1/url_controller.rb to define it):
  activesupport (4.2.1) lib/active_support/dependencies.rb:495:in `load_missing_constant'
  activesupport (4.2.1) lib/active_support/dependencies.rb:184:in `const_missing'
  activesupport (4.2.1) lib/active_support/inflector/methods.rb:263:in `const_get'
  activesupport (4.2.1) lib/active_support/inflector/methods.rb:263:in `block in constantize'
  activesupport (4.2.1) lib/active_support/inflector/methods.rb:259:in `each'
  activesupport (4.2.1) lib/active_support/inflector/methods.rb:259:in `inject'
  activesupport (4.2.1) lib/active_support/inflector/methods.rb:259:in `constantize'
  activesupport (4.2.1) lib/active_support/dependencies.rb:566:in `get'
  activesupport (4.2.1) lib/active_support/dependencies.rb:597:in `constantize'
  actionpack (4.2.1) lib/action_dispatch/routing/route_set.rb:70:in `controller_reference'
  actionpack (4.2.1) lib/action_dispatch/routing/route_set.rb:60:in `controller'
  actionpack (4.2.1) lib/action_dispatch/routing/route_set.rb:39:in `serve'
  actionpack (4.2.1) lib/action_dispatch/journey/router.rb:43:in `block in serve'
  actionpack (4.2.1) lib/action_dispatch/journey/router.rb:30:in `each'
  actionpack (4.2.1) lib/action_dispatch/journey/router.rb:30:in `serve'
  actionpack (4.2.1) lib/action_dispatch/routing/route_set.rb:819:in `call'
  rack (1.6.0) lib/rack/etag.rb:24:in `call'
  rack (1.6.0) lib/rack/conditionalget.rb:25:in `call'
  rack (1.6.0) lib/rack/head.rb:13:in `call'
  actionpack (4.2.1) lib/action_dispatch/middleware/params_parser.rb:27:in `call'
  activerecord (4.2.1) lib/active_record/query_cache.rb:36:in `call'
  activerecord (4.2.1) lib/active_record/connection_adapters/abstract/connection_pool.rb:649:in `call'
  activerecord (4.2.1) lib/active_record/migration.rb:378:in `call'
  actionpack (4.2.1) lib/action_dispatch/middleware/callbacks.rb:29:in `block in call'
  activesupport (4.2.1) lib/active_support/callbacks.rb:88:in `call'
  activesupport (4.2.1) lib/active_support/callbacks.rb:88:in `_run_callbacks'
  activesupport (4.2.1) lib/active_support/callbacks.rb:776:in `_run_call_callbacks'
  activesupport (4.2.1) lib/active_support/callbacks.rb:81:in `run_callbacks'
  actionpack (4.2.1) lib/action_dispatch/middleware/callbacks.rb:27:in `call'
  actionpack (4.2.1) lib/action_dispatch/middleware/reloader.rb:73:in `call'
  actionpack (4.2.1) lib/action_dispatch/middleware/remote_ip.rb:78:in `call'
  actionpack (4.2.1) lib/action_dispatch/middleware/debug_exceptions.rb:17:in `call'
  actionpack (4.2.1) lib/action_dispatch/middleware/show_exceptions.rb:30:in `call'
  railties (4.2.1) lib/rails/rack/logger.rb:38:in `call_app'
  railties (4.2.1) lib/rails/rack/logger.rb:20:in `block in call'
  activesupport (4.2.1) lib/active_support/tagged_logging.rb:68:in `block in tagged'
  activesupport (4.2.1) lib/active_support/tagged_logging.rb:26:in `tagged'
  activesupport (4.2.1) lib/active_support/tagged_logging.rb:68:in `tagged'
  railties (4.2.1) lib/rails/rack/logger.rb:20:in `call'
  actionpack (4.2.1) lib/action_dispatch/middleware/request_id.rb:21:in `call'
  rack (1.6.0) lib/rack/runtime.rb:18:in `call'
  activesupport (4.2.1) lib/active_support/cache/strategy/local_cache_middleware.rb:28:in `call'
  rack (1.6.0) lib/rack/lock.rb:17:in `call'
  actionpack (4.2.1) lib/action_dispatch/middleware/static.rb:113:in `call'
  railties (4.2.1) lib/rails/engine.rb:518:in `call'
  railties (4.2.1) lib/rails/application.rb:164:in `call'
  rack (1.6.0) lib/rack/lock.rb:17:in `call'
  rack (1.6.0) lib/rack/content_length.rb:15:in `call'
  rack (1.6.0) lib/rack/handler/webrick.rb:89:in `service'
  /System/Library/Frameworks/Ruby.framework/Versions/2.0/usr/lib/ruby/2.0.0/webrick/httpserver.rb:138:in `service'
  /System/Library/Frameworks/Ruby.framework/Versions/2.0/usr/lib/ruby/2.0.0/webrick/httpserver.rb:94:in `run'
  /System/Library/Frameworks/Ruby.framework/Versions/2.0/usr/lib/ruby/2.0.0/webrick/server.rb:295:in `block in start_thread'


  Rendered /Library/Ruby/Gems/2.0.0/gems/actionpack-4.2.1/lib/action_dispatch/middleware/templates/rescues/_source.erb (2.1ms)
  Rendered /Library/Ruby/Gems/2.0.0/gems/actionpack-4.2.1/lib/action_dispatch/middleware/templates/rescues/_trace.html.erb (1.0ms)
  Rendered /Library/Ruby/Gems/2.0.0/gems/actionpack-4.2.1/lib/action_dispatch/middleware/templates/rescues/_request_and_response.html.erb (0.5ms)
  Rendered /Library/Ruby/Gems/2.0.0/gems/actionpack-4.2.1/lib/action_dispatch/middleware/templates/rescues/diagnostics.html.erb within rescues/layout (9.5ms)


Started GET "/api/v1/url" for 127.0.0.1 at 2015-03-22 17:21:25 -0600

LoadError (Unable to autoload constant API::V1::URLController, expected /Users/nowsiany/Dropbox/turing/turing-3/jetfuel/app/controllers/api/v1/url_controller.rb to define it):
  activesupport (4.2.1) lib/active_support/dependencies.rb:495:in `load_missing_constant'
  activesupport (4.2.1) lib/active_support/dependencies.rb:184:in `const_missing'
  activesupport (4.2.1) lib/active_support/inflector/methods.rb:263:in `const_get'
  activesupport (4.2.1) lib/active_support/inflector/methods.rb:263:in `block in constantize'
  activesupport (4.2.1) lib/active_support/inflector/methods.rb:259:in `each'
  activesupport (4.2.1) lib/active_support/inflector/methods.rb:259:in `inject'
  activesupport (4.2.1) lib/active_support/inflector/methods.rb:259:in `constantize'
  activesupport (4.2.1) lib/active_support/dependencies.rb:566:in `get'
  activesupport (4.2.1) lib/active_support/dependencies.rb:597:in `constantize'
  actionpack (4.2.1) lib/action_dispatch/routing/route_set.rb:70:in `controller_reference'
  actionpack (4.2.1) lib/action_dispatch/routing/route_set.rb:60:in `controller'
  actionpack (4.2.1) lib/action_dispatch/routing/route_set.rb:39:in `serve'
  actionpack (4.2.1) lib/action_dispatch/journey/router.rb:43:in `block in serve'
  actionpack (4.2.1) lib/action_dispatch/journey/router.rb:30:in `each'
  actionpack (4.2.1) lib/action_dispatch/journey/router.rb:30:in `serve'
  actionpack (4.2.1) lib/action_dispatch/routing/route_set.rb:819:in `call'
  rack (1.6.0) lib/rack/etag.rb:24:in `call'
  rack (1.6.0) lib/rack/conditionalget.rb:25:in `call'
  rack (1.6.0) lib/rack/head.rb:13:in `call'
  actionpack (4.2.1) lib/action_dispatch/middleware/params_parser.rb:27:in `call'
  activerecord (4.2.1) lib/active_record/query_cache.rb:36:in `call'
  activerecord (4.2.1) lib/active_record/connection_adapters/abstract/connection_pool.rb:649:in `call'
  activerecord (4.2.1) lib/active_record/migration.rb:378:in `call'
  actionpack (4.2.1) lib/action_dispatch/middleware/callbacks.rb:29:in `block in call'
  activesupport (4.2.1) lib/active_support/callbacks.rb:88:in `call'
  activesupport (4.2.1) lib/active_support/callbacks.rb:88:in `_run_callbacks'
  activesupport (4.2.1) lib/active_support/callbacks.rb:776:in `_run_call_callbacks'
  activesupport (4.2.1) lib/active_support/callbacks.rb:81:in `run_callbacks'
  actionpack (4.2.1) lib/action_dispatch/middleware/callbacks.rb:27:in `call'
  actionpack (4.2.1) lib/action_dispatch/middleware/reloader.rb:73:in `call'
  actionpack (4.2.1) lib/action_dispatch/middleware/remote_ip.rb:78:in `call'
  actionpack (4.2.1) lib/action_dispatch/middleware/debug_exceptions.rb:17:in `call'
  actionpack (4.2.1) lib/action_dispatch/middleware/show_exceptions.rb:30:in `call'
  railties (4.2.1) lib/rails/rack/logger.rb:38:in `call_app'
  railties (4.2.1) lib/rails/rack/logger.rb:20:in `block in call'
  activesupport (4.2.1) lib/active_support/tagged_logging.rb:68:in `block in tagged'
  activesupport (4.2.1) lib/active_support/tagged_logging.rb:26:in `tagged'
  activesupport (4.2.1) lib/active_support/tagged_logging.rb:68:in `tagged'
  railties (4.2.1) lib/rails/rack/logger.rb:20:in `call'
  actionpack (4.2.1) lib/action_dispatch/middleware/request_id.rb:21:in `call'
  rack (1.6.0) lib/rack/runtime.rb:18:in `call'
  activesupport (4.2.1) lib/active_support/cache/strategy/local_cache_middleware.rb:28:in `call'
  rack (1.6.0) lib/rack/lock.rb:17:in `call'
  actionpack (4.2.1) lib/action_dispatch/middleware/static.rb:113:in `call'
  railties (4.2.1) lib/rails/engine.rb:518:in `call'
  railties (4.2.1) lib/rails/application.rb:164:in `call'
  rack (1.6.0) lib/rack/lock.rb:17:in `call'
  rack (1.6.0) lib/rack/content_length.rb:15:in `call'
  rack (1.6.0) lib/rack/handler/webrick.rb:89:in `service'
  /System/Library/Frameworks/Ruby.framework/Versions/2.0/usr/lib/ruby/2.0.0/webrick/httpserver.rb:138:in `service'
  /System/Library/Frameworks/Ruby.framework/Versions/2.0/usr/lib/ruby/2.0.0/webrick/httpserver.rb:94:in `run'
  /System/Library/Frameworks/Ruby.framework/Versions/2.0/usr/lib/ruby/2.0.0/webrick/server.rb:295:in `block in start_thread'


  Rendered /Library/Ruby/Gems/2.0.0/gems/actionpack-4.2.1/lib/action_dispatch/middleware/templates/rescues/_source.erb (2.6ms)
  Rendered /Library/Ruby/Gems/2.0.0/gems/actionpack-4.2.1/lib/action_dispatch/middleware/templates/rescues/_trace.html.erb (25.7ms)
  Rendered /Library/Ruby/Gems/2.0.0/gems/actionpack-4.2.1/lib/action_dispatch/middleware/templates/rescues/_request_and_response.html.erb (0.6ms)
  Rendered /Library/Ruby/Gems/2.0.0/gems/actionpack-4.2.1/lib/action_dispatch/middleware/templates/rescues/diagnostics.html.erb within rescues/layout (35.3ms)


Started GET "/" for 127.0.0.1 at 2015-03-22 17:21:28 -0600
Processing by Rails::WelcomeController#index as HTML
  Rendered /Library/Ruby/Gems/2.0.0/gems/railties-4.2.1/lib/rails/templates/rails/welcome/index.html.erb (0.0ms)
Completed 200 OK in 1ms (Views: 0.6ms | ActiveRecord: 0.0ms)


Started GET "/api/v1/url" for 127.0.0.1 at 2015-03-22 17:21:32 -0600

LoadError (Unable to autoload constant API::V1::URLController, expected /Users/nowsiany/Dropbox/turing/turing-3/jetfuel/app/controllers/api/v1/url_controller.rb to define it):
  activesupport (4.2.1) lib/active_support/dependencies.rb:495:in `load_missing_constant'
  activesupport (4.2.1) lib/active_support/dependencies.rb:184:in `const_missing'
  activesupport (4.2.1) lib/active_support/inflector/methods.rb:263:in `const_get'
  activesupport (4.2.1) lib/active_support/inflector/methods.rb:263:in `block in constantize'
  activesupport (4.2.1) lib/active_support/inflector/methods.rb:259:in `each'
  activesupport (4.2.1) lib/active_support/inflector/methods.rb:259:in `inject'
  activesupport (4.2.1) lib/active_support/inflector/methods.rb:259:in `constantize'
  activesupport (4.2.1) lib/active_support/dependencies.rb:566:in `get'
  activesupport (4.2.1) lib/active_support/dependencies.rb:597:in `constantize'
  actionpack (4.2.1) lib/action_dispatch/routing/route_set.rb:70:in `controller_reference'
  actionpack (4.2.1) lib/action_dispatch/routing/route_set.rb:60:in `controller'
  actionpack (4.2.1) lib/action_dispatch/routing/route_set.rb:39:in `serve'
  actionpack (4.2.1) lib/action_dispatch/journey/router.rb:43:in `block in serve'
  actionpack (4.2.1) lib/action_dispatch/journey/router.rb:30:in `each'
  actionpack (4.2.1) lib/action_dispatch/journey/router.rb:30:in `serve'
  actionpack (4.2.1) lib/action_dispatch/routing/route_set.rb:819:in `call'
  rack (1.6.0) lib/rack/etag.rb:24:in `call'
  rack (1.6.0) lib/rack/conditionalget.rb:25:in `call'
  rack (1.6.0) lib/rack/head.rb:13:in `call'
  actionpack (4.2.1) lib/action_dispatch/middleware/params_parser.rb:27:in `call'
  activerecord (4.2.1) lib/active_record/query_cache.rb:36:in `call'
  activerecord (4.2.1) lib/active_record/connection_adapters/abstract/connection_pool.rb:649:in `call'
  activerecord (4.2.1) lib/active_record/migration.rb:378:in `call'
  actionpack (4.2.1) lib/action_dispatch/middleware/callbacks.rb:29:in `block in call'
  activesupport (4.2.1) lib/active_support/callbacks.rb:88:in `call'
  activesupport (4.2.1) lib/active_support/callbacks.rb:88:in `_run_callbacks'
  activesupport (4.2.1) lib/active_support/callbacks.rb:776:in `_run_call_callbacks'
  activesupport (4.2.1) lib/active_support/callbacks.rb:81:in `run_callbacks'
  actionpack (4.2.1) lib/action_dispatch/middleware/callbacks.rb:27:in `call'
  actionpack (4.2.1) lib/action_dispatch/middleware/reloader.rb:73:in `call'
  actionpack (4.2.1) lib/action_dispatch/middleware/remote_ip.rb:78:in `call'
  actionpack (4.2.1) lib/action_dispatch/middleware/debug_exceptions.rb:17:in `call'
  actionpack (4.2.1) lib/action_dispatch/middleware/show_exceptions.rb:30:in `call'
  railties (4.2.1) lib/rails/rack/logger.rb:38:in `call_app'
  railties (4.2.1) lib/rails/rack/logger.rb:20:in `block in call'
  activesupport (4.2.1) lib/active_support/tagged_logging.rb:68:in `block in tagged'
  activesupport (4.2.1) lib/active_support/tagged_logging.rb:26:in `tagged'
  activesupport (4.2.1) lib/active_support/tagged_logging.rb:68:in `tagged'
  railties (4.2.1) lib/rails/rack/logger.rb:20:in `call'
  actionpack (4.2.1) lib/action_dispatch/middleware/request_id.rb:21:in `call'
  rack (1.6.0) lib/rack/runtime.rb:18:in `call'
  activesupport (4.2.1) lib/active_support/cache/strategy/local_cache_middleware.rb:28:in `call'
  rack (1.6.0) lib/rack/lock.rb:17:in `call'
  actionpack (4.2.1) lib/action_dispatch/middleware/static.rb:113:in `call'
  railties (4.2.1) lib/rails/engine.rb:518:in `call'
  railties (4.2.1) lib/rails/application.rb:164:in `call'
  rack (1.6.0) lib/rack/lock.rb:17:in `call'
  rack (1.6.0) lib/rack/content_length.rb:15:in `call'
  rack (1.6.0) lib/rack/handler/webrick.rb:89:in `service'
  /System/Library/Frameworks/Ruby.framework/Versions/2.0/usr/lib/ruby/2.0.0/webrick/httpserver.rb:138:in `service'
  /System/Library/Frameworks/Ruby.framework/Versions/2.0/usr/lib/ruby/2.0.0/webrick/httpserver.rb:94:in `run'
  /System/Library/Frameworks/Ruby.framework/Versions/2.0/usr/lib/ruby/2.0.0/webrick/server.rb:295:in `block in start_thread'


  Rendered /Library/Ruby/Gems/2.0.0/gems/actionpack-4.2.1/lib/action_dispatch/middleware/templates/rescues/_source.erb (2.2ms)
  Rendered /Library/Ruby/Gems/2.0.0/gems/actionpack-4.2.1/lib/action_dispatch/middleware/templates/rescues/_trace.html.erb (1.0ms)
  Rendered /Library/Ruby/Gems/2.0.0/gems/actionpack-4.2.1/lib/action_dispatch/middleware/templates/rescues/_request_and_response.html.erb (0.5ms)
  Rendered /Library/Ruby/Gems/2.0.0/gems/actionpack-4.2.1/lib/action_dispatch/middleware/templates/rescues/diagnostics.html.erb within rescues/layout (10.0ms)


Started GET "/api/v1/url" for 127.0.0.1 at 2015-03-22 17:21:52 -0600
  [1m[36mActiveRecord::SchemaMigration Load (0.2ms)[0m  [1mSELECT "schema_migrations".* FROM "schema_migrations"[0m
Processing by Api::V1::UrlController#index as JSON
  Parameters: {"subdomain"=>"api"}
Completed 200 OK in 0ms (ActiveRecord: 0.0ms)


Started GET "/api/v1/url" for 127.0.0.1 at 2015-03-22 17:22:27 -0600
Processing by Api::V1::UrlController#index as JSON
  Parameters: {"subdomain"=>"api"}
Completed 200 OK in 1ms (ActiveRecord: 0.0ms)


Started GET "/api/v1/url" for 127.0.0.1 at 2015-03-22 17:22:28 -0600
Processing by Api::V1::UrlController#index as JSON
  Parameters: {"subdomain"=>"api"}
Completed 200 OK in 0ms (ActiveRecord: 0.0ms)


Started GET "/api/v1/url" for 127.0.0.1 at 2015-03-22 17:22:29 -0600
Processing by Api::V1::UrlController#index as JSON
  Parameters: {"subdomain"=>"api"}
Completed 200 OK in 0ms (ActiveRecord: 0.0ms)
  [1m[36m (0.1ms)[0m  [1mBEGIN[0m
  [1m[35mSQL (0.4ms)[0m  INSERT INTO "urls" ("long", "short", "title", "created_at", "updated_at") VALUES ($1, $2, $3, $4, $5) RETURNING "id"  [["long", "www.google.com"], ["short", "www.devs.care.com/adfsd"], ["title", "Google"], ["created_at", "2015-03-22 23:23:47.723929"], ["updated_at", "2015-03-22 23:23:47.723929"]]
  [1m[36m (0.3ms)[0m  [1mCOMMIT[0m


Started GET "/api/v1/url" for 127.0.0.1 at 2015-03-22 17:23:52 -0600
Processing by Api::V1::UrlController#index as JSON
  Parameters: {"subdomain"=>"api"}
Completed 200 OK in 0ms (ActiveRecord: 0.0ms)


Started GET "/api/v1/url" for 127.0.0.1 at 2015-03-22 17:23:53 -0600
Processing by Api::V1::UrlController#index as JSON
  Parameters: {"subdomain"=>"api"}
Completed 200 OK in 0ms (ActiveRecord: 0.0ms)


Started GET "/api/v1/url" for 127.0.0.1 at 2015-03-22 17:23:54 -0600
Processing by Api::V1::UrlController#index as JSON
  Parameters: {"subdomain"=>"api"}
Completed 200 OK in 0ms (ActiveRecord: 0.0ms)


Started GET "/api/v1/url.json" for 127.0.0.1 at 2015-03-22 17:23:58 -0600
Processing by Api::V1::UrlController#index as JSON
  Parameters: {"subdomain"=>"api"}
Completed 200 OK in 0ms (ActiveRecord: 0.0ms)


Started GET "/api/v1/url.json" for 127.0.0.1 at 2015-03-22 17:24:01 -0600
Processing by Api::V1::UrlController#index as JSON
  Parameters: {"subdomain"=>"api"}
Completed 200 OK in 0ms (ActiveRecord: 0.0ms)


Started GET "/api/v1/url.json" for 127.0.0.1 at 2015-03-22 17:24:02 -0600
Processing by Api::V1::UrlController#index as JSON
  Parameters: {"subdomain"=>"api"}
Completed 200 OK in 0ms (ActiveRecord: 0.0ms)
  [1m[35mUrl Load (0.3ms)[0m  SELECT "urls".* FROM "urls"


Started GET "/api/v1/url.json" for 127.0.0.1 at 2015-03-22 17:26:35 -0600
Processing by Api::V1::UrlController#index as JSON
  Parameters: {"subdomain"=>"api"}
Completed 500 Internal Server Error in 2ms (ActiveRecord: 0.0ms)

NoMethodError (undefined method `respond_to' for #<Api::V1::UrlController:0x007fe4f6a28180>):
  app/controllers/api/v1/url_controller.rb:5:in `index'


  Rendered /Library/Ruby/Gems/2.0.0/gems/actionpack-4.2.1/lib/action_dispatch/middleware/templates/rescues/_source.erb (2.6ms)
  Rendered /Library/Ruby/Gems/2.0.0/gems/actionpack-4.2.1/lib/action_dispatch/middleware/templates/rescues/_trace.html.erb (1.2ms)
  Rendered /Library/Ruby/Gems/2.0.0/gems/actionpack-4.2.1/lib/action_dispatch/middleware/templates/rescues/_request_and_response.html.erb (0.5ms)
  Rendered /Library/Ruby/Gems/2.0.0/gems/actionpack-4.2.1/lib/action_dispatch/middleware/templates/rescues/diagnostics.html.erb within rescues/layout (11.4ms)


Started GET "/api/v1/url.json" for 127.0.0.1 at 2015-03-22 17:27:46 -0600
Processing by Api::V1::UrlController#index as JSON
  Parameters: {"subdomain"=>"api"}
  [1m[35mUrl Load (0.4ms)[0m  SELECT "urls".* FROM "urls"
Completed 200 OK in 7ms (Views: 4.0ms | ActiveRecord: 2.0ms)


Started GET "/api/v1/url.json" for 127.0.0.1 at 2015-03-22 18:19:15 -0600
Processing by Api::V1::UrlController#index as JSON
  Parameters: {"subdomain"=>"api"}
  [1m[36mUrl Load (0.2ms)[0m  [1mSELECT "urls".* FROM "urls"[0m
Completed 200 OK in 6ms (Views: 3.3ms | ActiveRecord: 1.1ms)


Started GET "/api/v1/url" for 127.0.0.1 at 2015-03-22 18:32:31 -0600
Processing by Api::V1::UrlController#index as JSON
  Parameters: {"subdomain"=>"api"}
  [1m[35mUrl Load (0.2ms)[0m  SELECT "urls".* FROM "urls"
Completed 200 OK in 6ms (Views: 3.4ms | ActiveRecord: 1.2ms)


Started GET "/api/v1/url" for 127.0.0.1 at 2015-03-22 18:43:14 -0600

ActionController::RoutingError (No route matches [GET] "/api/v1/url"):
  actionpack (4.2.1) lib/action_dispatch/middleware/debug_exceptions.rb:21:in `call'
  actionpack (4.2.1) lib/action_dispatch/middleware/show_exceptions.rb:30:in `call'
  railties (4.2.1) lib/rails/rack/logger.rb:38:in `call_app'
  railties (4.2.1) lib/rails/rack/logger.rb:20:in `block in call'
  activesupport (4.2.1) lib/active_support/tagged_logging.rb:68:in `block in tagged'
  activesupport (4.2.1) lib/active_support/tagged_logging.rb:26:in `tagged'
  activesupport (4.2.1) lib/active_support/tagged_logging.rb:68:in `tagged'
  railties (4.2.1) lib/rails/rack/logger.rb:20:in `call'
  actionpack (4.2.1) lib/action_dispatch/middleware/request_id.rb:21:in `call'
  rack (1.6.0) lib/rack/runtime.rb:18:in `call'
  activesupport (4.2.1) lib/active_support/cache/strategy/local_cache_middleware.rb:28:in `call'
  rack (1.6.0) lib/rack/lock.rb:17:in `call'
  actionpack (4.2.1) lib/action_dispatch/middleware/static.rb:113:in `call'
  railties (4.2.1) lib/rails/engine.rb:518:in `call'
  railties (4.2.1) lib/rails/application.rb:164:in `call'
  rack (1.6.0) lib/rack/lock.rb:17:in `call'
  rack (1.6.0) lib/rack/content_length.rb:15:in `call'
  rack (1.6.0) lib/rack/handler/webrick.rb:89:in `service'
  /System/Library/Frameworks/Ruby.framework/Versions/2.0/usr/lib/ruby/2.0.0/webrick/httpserver.rb:138:in `service'
  /System/Library/Frameworks/Ruby.framework/Versions/2.0/usr/lib/ruby/2.0.0/webrick/httpserver.rb:94:in `run'
  /System/Library/Frameworks/Ruby.framework/Versions/2.0/usr/lib/ruby/2.0.0/webrick/server.rb:295:in `block in start_thread'


  Rendered /Library/Ruby/Gems/2.0.0/gems/actionpack-4.2.1/lib/action_dispatch/middleware/templates/rescues/_trace.html.erb (0.8ms)
  Rendered /Library/Ruby/Gems/2.0.0/gems/actionpack-4.2.1/lib/action_dispatch/middleware/templates/routes/_route.html.erb (0.4ms)
  Rendered /Library/Ruby/Gems/2.0.0/gems/actionpack-4.2.1/lib/action_dispatch/middleware/templates/routes/_table.html.erb (3.3ms)
  Rendered /Library/Ruby/Gems/2.0.0/gems/actionpack-4.2.1/lib/action_dispatch/middleware/templates/rescues/_request_and_response.html.erb (0.5ms)
  Rendered /Library/Ruby/Gems/2.0.0/gems/actionpack-4.2.1/lib/action_dispatch/middleware/templates/rescues/routing_error.html.erb within rescues/layout (14.9ms)


Started GET "/api/v1/url" for 127.0.0.1 at 2015-03-22 18:43:20 -0600
Processing by Api::V1::UrlController#index as JSON
  Parameters: {"subdomain"=>"api"}
  [1m[36mUrl Load (0.2ms)[0m  [1mSELECT "urls".* FROM "urls"[0m
Completed 200 OK in 6ms (Views: 3.5ms | ActiveRecord: 1.2ms)


Started GET "/api/v1/url" for 127.0.0.1 at 2015-03-22 22:10:22 -0600
Processing by Api::V1::UrlController#index as JSON
  Parameters: {"subdomain"=>"api"}
  [1m[35mUrl Load (0.2ms)[0m  SELECT "urls".* FROM "urls"
Completed 200 OK in 6ms (Views: 3.3ms | ActiveRecord: 1.0ms)


Started GET "/" for 127.0.0.1 at 2015-03-22 22:12:35 -0600
Processing by Rails::WelcomeController#index as HTML
  Rendered /Library/Ruby/Gems/2.0.0/gems/railties-4.2.1/lib/rails/templates/rails/welcome/index.html.erb (0.5ms)
Completed 200 OK in 1ms (Views: 1.2ms | ActiveRecord: 0.0ms)


Started GET "/adfsd" for 127.0.0.1 at 2015-03-22 22:12:47 -0600
Processing by RouterController#show as HTML
  Parameters: {"short"=>"adfsd"}
  [1m[36mUrl Load (0.2ms)[0m  [1mSELECT  "urls".* FROM "urls" WHERE "urls"."short" = $1 LIMIT 1[0m  [["short", "adfsd"]]
Completed 500 Internal Server Error in 7ms (ActiveRecord: 0.8ms)

NoMethodError (undefined method `long' for nil:NilClass):
  app/controllers/router_controller.rb:4:in `show'


  Rendered /Library/Ruby/Gems/2.0.0/gems/actionpack-4.2.1/lib/action_dispatch/middleware/templates/rescues/_source.erb (2.8ms)
  Rendered /Library/Ruby/Gems/2.0.0/gems/actionpack-4.2.1/lib/action_dispatch/middleware/templates/rescues/_trace.html.erb (1.2ms)
  Rendered /Library/Ruby/Gems/2.0.0/gems/actionpack-4.2.1/lib/action_dispatch/middleware/templates/rescues/_request_and_response.html.erb (0.5ms)
  Rendered /Library/Ruby/Gems/2.0.0/gems/actionpack-4.2.1/lib/action_dispatch/middleware/templates/rescues/diagnostics.html.erb within rescues/layout (11.4ms)


Started GET "/adfsd" for 127.0.0.1 at 2015-03-22 22:13:15 -0600
Processing by RouterController#show as HTML
  Parameters: {"short"=>"adfsd"}
  [1m[35mUrl Load (0.1ms)[0m  SELECT  "urls".* FROM "urls" WHERE "urls"."short" = $1 LIMIT 1  [["short", "adfsd"]]
Completed 500 Internal Server Error in 3ms (ActiveRecord: 0.6ms)

NoMethodError (undefined method `long' for nil:NilClass):
  app/controllers/router_controller.rb:4:in `show'


  Rendered /Library/Ruby/Gems/2.0.0/gems/actionpack-4.2.1/lib/action_dispatch/middleware/templates/rescues/_source.erb (2.9ms)
  Rendered /Library/Ruby/Gems/2.0.0/gems/actionpack-4.2.1/lib/action_dispatch/middleware/templates/rescues/_trace.html.erb (1.2ms)
  Rendered /Library/Ruby/Gems/2.0.0/gems/actionpack-4.2.1/lib/action_dispatch/middleware/templates/rescues/_request_and_response.html.erb (0.5ms)
  Rendered /Library/Ruby/Gems/2.0.0/gems/actionpack-4.2.1/lib/action_dispatch/middleware/templates/rescues/diagnostics.html.erb within rescues/layout (10.4ms)


Started GET "/adfsd" for 127.0.0.1 at 2015-03-22 22:13:16 -0600
Processing by RouterController#show as HTML
  Parameters: {"short"=>"adfsd"}
  [1m[36mUrl Load (0.1ms)[0m  [1mSELECT  "urls".* FROM "urls" WHERE "urls"."short" = $1 LIMIT 1[0m  [["short", "adfsd"]]
Completed 500 Internal Server Error in 1ms (ActiveRecord: 0.1ms)

NoMethodError (undefined method `long' for nil:NilClass):
  app/controllers/router_controller.rb:4:in `show'


  Rendered /Library/Ruby/Gems/2.0.0/gems/actionpack-4.2.1/lib/action_dispatch/middleware/templates/rescues/_source.erb (2.5ms)
  Rendered /Library/Ruby/Gems/2.0.0/gems/actionpack-4.2.1/lib/action_dispatch/middleware/templates/rescues/_trace.html.erb (1.1ms)
  Rendered /Library/Ruby/Gems/2.0.0/gems/actionpack-4.2.1/lib/action_dispatch/middleware/templates/rescues/_request_and_response.html.erb (0.5ms)
  Rendered /Library/Ruby/Gems/2.0.0/gems/actionpack-4.2.1/lib/action_dispatch/middleware/templates/rescues/diagnostics.html.erb within rescues/layout (9.9ms)
  [1m[36mUrl Load (0.3ms)[0m  [1mSELECT "urls".* FROM "urls"[0m
  [1m[35m (0.1ms)[0m  BEGIN
  [1m[36mUrl Exists (0.4ms)[0m  [1mSELECT  1 AS one FROM "urls" WHERE "urls"."short" = '3tdxb3' LIMIT 1[0m
  [1m[35mSQL (0.2ms)[0m  INSERT INTO "urls" ("long", "title", "short", "created_at", "updated_at") VALUES ($1, $2, $3, $4, $5) RETURNING "id"  [["long", "www.google.com"], ["title", "Google"], ["short", "3tdxb3"], ["created_at", "2015-03-23 04:14:12.907959"], ["updated_at", "2015-03-23 04:14:12.907959"]]
  [1m[36m (0.3ms)[0m  [1mCOMMIT[0m


Started GET "/3tdxb3" for 127.0.0.1 at 2015-03-22 22:14:24 -0600
Processing by RouterController#show as HTML
  Parameters: {"short"=>"3tdxb3"}
  [1m[35mUrl Load (0.2ms)[0m  SELECT  "urls".* FROM "urls" WHERE "urls"."short" = $1 LIMIT 1  [["short", "3tdxb3"]]
Redirected to http://localhost:3000www.google.com
Completed 302 Found in 4ms (ActiveRecord: 0.8ms)
  [1m[35mUrl Load (0.4ms)[0m  SELECT  "urls".* FROM "urls"  ORDER BY "urls"."id" DESC LIMIT 1


Started GET "/api/v1/url" for 127.0.0.1 at 2015-03-22 22:22:49 -0600
  [1m[36mActiveRecord::SchemaMigration Load (0.2ms)[0m  [1mSELECT "schema_migrations".* FROM "schema_migrations"[0m
Processing by Api::V1::UrlController#index as JSON
  Parameters: {"subdomain"=>"api"}
  [1m[35mUrl Load (0.3ms)[0m  SELECT "urls".* FROM "urls"
Completed 200 OK in 7ms (Views: 3.5ms | ActiveRecord: 1.8ms)


Started GET "/api/v1/url" for 127.0.0.1 at 2015-03-22 22:22:52 -0600
Processing by Api::V1::UrlController#index as JSON
  Parameters: {"subdomain"=>"api"}
  [1m[36mUrl Load (0.1ms)[0m  [1mSELECT "urls".* FROM "urls"[0m
Completed 200 OK in 1ms (Views: 0.7ms | ActiveRecord: 0.1ms)


Started GET "/api/v1/url" for 127.0.0.1 at 2015-03-22 22:23:09 -0600
Processing by Api::V1::UrlController#index as JSON
  Parameters: {"subdomain"=>"api"}
  [1m[35mUrl Load (0.1ms)[0m  SELECT "urls".* FROM "urls"
Completed 200 OK in 1ms (Views: 0.7ms | ActiveRecord: 0.1ms)


Started GET "/api/v1/url" for 127.0.0.1 at 2015-03-22 22:23:14 -0600

ActionController::RoutingError (No route matches [GET] "/api/v1/url"):
  actionpack (4.2.1) lib/action_dispatch/middleware/debug_exceptions.rb:21:in `call'
  actionpack (4.2.1) lib/action_dispatch/middleware/show_exceptions.rb:30:in `call'
  railties (4.2.1) lib/rails/rack/logger.rb:38:in `call_app'
  railties (4.2.1) lib/rails/rack/logger.rb:20:in `block in call'
  activesupport (4.2.1) lib/active_support/tagged_logging.rb:68:in `block in tagged'
  activesupport (4.2.1) lib/active_support/tagged_logging.rb:26:in `tagged'
  activesupport (4.2.1) lib/active_support/tagged_logging.rb:68:in `tagged'
  railties (4.2.1) lib/rails/rack/logger.rb:20:in `call'
  actionpack (4.2.1) lib/action_dispatch/middleware/request_id.rb:21:in `call'
  rack (1.6.0) lib/rack/runtime.rb:18:in `call'
  activesupport (4.2.1) lib/active_support/cache/strategy/local_cache_middleware.rb:28:in `call'
  rack (1.6.0) lib/rack/lock.rb:17:in `call'
  actionpack (4.2.1) lib/action_dispatch/middleware/static.rb:113:in `call'
  railties (4.2.1) lib/rails/engine.rb:518:in `call'
  railties (4.2.1) lib/rails/application.rb:164:in `call'
  rack (1.6.0) lib/rack/lock.rb:17:in `call'
  rack (1.6.0) lib/rack/content_length.rb:15:in `call'
  rack (1.6.0) lib/rack/handler/webrick.rb:89:in `service'
  /Users/nowsiany/.rvm/rubies/ruby-2.1.2/lib/ruby/2.1.0/webrick/httpserver.rb:138:in `service'
  /Users/nowsiany/.rvm/rubies/ruby-2.1.2/lib/ruby/2.1.0/webrick/httpserver.rb:94:in `run'
  /Users/nowsiany/.rvm/rubies/ruby-2.1.2/lib/ruby/2.1.0/webrick/server.rb:295:in `block in start_thread'


  Rendered /Users/nowsiany/.rvm/rubies/ruby-2.1.2/lib/ruby/gems/2.1.0/gems/actionpack-4.2.1/lib/action_dispatch/middleware/templates/rescues/_trace.html.erb (0.7ms)
  Rendered /Users/nowsiany/.rvm/rubies/ruby-2.1.2/lib/ruby/gems/2.1.0/gems/actionpack-4.2.1/lib/action_dispatch/middleware/templates/routes/_route.html.erb (0.5ms)
  Rendered /Users/nowsiany/.rvm/rubies/ruby-2.1.2/lib/ruby/gems/2.1.0/gems/actionpack-4.2.1/lib/action_dispatch/middleware/templates/routes/_table.html.erb (4.1ms)
  Rendered /Users/nowsiany/.rvm/rubies/ruby-2.1.2/lib/ruby/gems/2.1.0/gems/actionpack-4.2.1/lib/action_dispatch/middleware/templates/rescues/_request_and_response.html.erb (0.7ms)
  Rendered /Users/nowsiany/.rvm/rubies/ruby-2.1.2/lib/ruby/gems/2.1.0/gems/actionpack-4.2.1/lib/action_dispatch/middleware/templates/rescues/routing_error.html.erb within rescues/layout (18.8ms)


Started GET "/" for 127.0.0.1 at 2015-03-22 22:23:17 -0600
Processing by Rails::WelcomeController#index as HTML
  Rendered /Users/nowsiany/.rvm/rubies/ruby-2.1.2/lib/ruby/gems/2.1.0/gems/railties-4.2.1/lib/rails/templates/rails/welcome/index.html.erb (0.7ms)
Completed 200 OK in 2ms (Views: 1.8ms | ActiveRecord: 0.0ms)


Started GET "/3tdxb3" for 127.0.0.1 at 2015-03-22 22:23:39 -0600
Processing by RouterController#show as HTML
  Parameters: {"short"=>"3tdxb3"}
  [1m[36mUrl Load (0.2ms)[0m  [1mSELECT  "urls".* FROM "urls" WHERE "urls"."short" = $1 LIMIT 1[0m  [["short", "3tdxb3"]]
Redirected to http://lvh.me:3000www.google.com
Completed 302 Found in 5ms (ActiveRecord: 0.3ms)


Started GET "/3tdxb3" for 127.0.0.1 at 2015-03-22 22:23:39 -0600
Processing by RouterController#show as HTML
  Parameters: {"short"=>"3tdxb3"}
  [1m[35mUrl Load (0.1ms)[0m  SELECT  "urls".* FROM "urls" WHERE "urls"."short" = $1 LIMIT 1  [["short", "3tdxb3"]]
Redirected to http://lvh.me:3000www.google.com
Completed 302 Found in 0ms (ActiveRecord: 0.1ms)


Started GET "/3tdxb3" for 127.0.0.1 at 2015-03-22 22:23:39 -0600
Processing by RouterController#show as HTML
  Parameters: {"short"=>"3tdxb3"}
  [1m[36mUrl Load (0.1ms)[0m  [1mSELECT  "urls".* FROM "urls" WHERE "urls"."short" = $1 LIMIT 1[0m  [["short", "3tdxb3"]]
Redirected to http://www.lvh.me:3000www.google.com
Completed 302 Found in 1ms (ActiveRecord: 0.1ms)


Started GET "/3tdxb3" for 127.0.0.1 at 2015-03-22 22:23:45 -0600
Processing by RouterController#show as HTML
  Parameters: {"short"=>"3tdxb3"}
  [1m[35mUrl Load (0.1ms)[0m  SELECT  "urls".* FROM "urls" WHERE "urls"."short" = $1 LIMIT 1  [["short", "3tdxb3"]]
Redirected to http://www.lvh.me:3000www.google.com
Completed 302 Found in 1ms (ActiveRecord: 0.1ms)


Started GET "/3tdxb3" for 127.0.0.1 at 2015-03-22 22:24:22 -0600
Processing by RouterController#show as HTML
  Parameters: {"short"=>"3tdxb3"}
Completed 500 Internal Server Error in 0ms (ActiveRecord: 0.0ms)

NoMethodError (undefined method `pry' for #<Binding:0x007f8ba3803a00>):
  app/controllers/router_controller.rb:3:in `show'


  Rendered /Users/nowsiany/.rvm/rubies/ruby-2.1.2/lib/ruby/gems/2.1.0/gems/actionpack-4.2.1/lib/action_dispatch/middleware/templates/rescues/_source.erb (2.8ms)
  Rendered /Users/nowsiany/.rvm/rubies/ruby-2.1.2/lib/ruby/gems/2.1.0/gems/actionpack-4.2.1/lib/action_dispatch/middleware/templates/rescues/_trace.html.erb (1.3ms)
  Rendered /Users/nowsiany/.rvm/rubies/ruby-2.1.2/lib/ruby/gems/2.1.0/gems/actionpack-4.2.1/lib/action_dispatch/middleware/templates/rescues/_request_and_response.html.erb (0.5ms)
  Rendered /Users/nowsiany/.rvm/rubies/ruby-2.1.2/lib/ruby/gems/2.1.0/gems/actionpack-4.2.1/lib/action_dispatch/middleware/templates/rescues/diagnostics.html.erb within rescues/layout (11.5ms)


Started GET "/3tdxb3" for 127.0.0.1 at 2015-03-22 22:25:18 -0600
Processing by RouterController#show as HTML
  Parameters: {"short"=>"3tdxb3"}
Completed 500 Internal Server Error in 0ms (ActiveRecord: 0.0ms)

NoMethodError (undefined method `pry' for #<Binding:0x007f8b9e16e5f0>):
  app/controllers/router_controller.rb:3:in `show'


  Rendered /Users/nowsiany/.rvm/rubies/ruby-2.1.2/lib/ruby/gems/2.1.0/gems/actionpack-4.2.1/lib/action_dispatch/middleware/templates/rescues/_source.erb (2.6ms)
  Rendered /Users/nowsiany/.rvm/rubies/ruby-2.1.2/lib/ruby/gems/2.1.0/gems/actionpack-4.2.1/lib/action_dispatch/middleware/templates/rescues/_trace.html.erb (1.2ms)
  Rendered /Users/nowsiany/.rvm/rubies/ruby-2.1.2/lib/ruby/gems/2.1.0/gems/actionpack-4.2.1/lib/action_dispatch/middleware/templates/rescues/_request_and_response.html.erb (0.5ms)
  Rendered /Users/nowsiany/.rvm/rubies/ruby-2.1.2/lib/ruby/gems/2.1.0/gems/actionpack-4.2.1/lib/action_dispatch/middleware/templates/rescues/diagnostics.html.erb within rescues/layout (10.5ms)


Started GET "/3tdxb3" for 127.0.0.1 at 2015-03-22 22:25:19 -0600
Processing by RouterController#show as HTML
  Parameters: {"short"=>"3tdxb3"}
Completed 500 Internal Server Error in 0ms (ActiveRecord: 0.0ms)

NoMethodError (undefined method `pry' for #<Binding:0x007f8ba3980388>):
  app/controllers/router_controller.rb:3:in `show'


  Rendered /Users/nowsiany/.rvm/rubies/ruby-2.1.2/lib/ruby/gems/2.1.0/gems/actionpack-4.2.1/lib/action_dispatch/middleware/templates/rescues/_source.erb (2.7ms)
  Rendered /Users/nowsiany/.rvm/rubies/ruby-2.1.2/lib/ruby/gems/2.1.0/gems/actionpack-4.2.1/lib/action_dispatch/middleware/templates/rescues/_trace.html.erb (1.2ms)
  Rendered /Users/nowsiany/.rvm/rubies/ruby-2.1.2/lib/ruby/gems/2.1.0/gems/actionpack-4.2.1/lib/action_dispatch/middleware/templates/rescues/_request_and_response.html.erb (0.5ms)
  Rendered /Users/nowsiany/.rvm/rubies/ruby-2.1.2/lib/ruby/gems/2.1.0/gems/actionpack-4.2.1/lib/action_dispatch/middleware/templates/rescues/diagnostics.html.erb within rescues/layout (10.4ms)


Started GET "/3tdxb3" for 127.0.0.1 at 2015-03-22 22:25:33 -0600
  [1m[36mActiveRecord::SchemaMigration Load (0.2ms)[0m  [1mSELECT "schema_migrations".* FROM "schema_migrations"[0m
Processing by RouterController#show as HTML
  Parameters: {"short"=>"3tdxb3"}
  [1m[35mUrl Load (0.2ms)[0m  SELECT  "urls".* FROM "urls" WHERE "urls"."short" = $1 LIMIT 1  [["short", "3tdxb3"]]
  [1m[36mCACHE (0.0ms)[0m  [1mSELECT  "urls".* FROM "urls" WHERE "urls"."short" = $1 LIMIT 1[0m  [["short", "3tdxb3"]]
  [1m[35mCACHE (0.0ms)[0m  SELECT  "urls".* FROM "urls" WHERE "urls"."short" = $1 LIMIT 1  [["short", "3tdxb3"]]
  [1m[36mCACHE (0.0ms)[0m  [1mSELECT  "urls".* FROM "urls" WHERE "urls"."short" = $1 LIMIT 1[0m  [["short", "3tdxb3"]]
  [1m[35mCACHE (0.0ms)[0m  SELECT  "urls".* FROM "urls" WHERE "urls"."short" = $1 LIMIT 1  [["short", "3tdxb3"]]
Redirected to http://www.lvh.me:3000www.google.com
Completed 302 Found in 96049ms (ActiveRecord: 1.9ms)


Started GET "/3tdxb3" for 127.0.0.1 at 2015-03-22 22:28:05 -0600
Processing by RouterController#show as HTML
  Parameters: {"short"=>"3tdxb3"}
  [1m[36mUrl Load (0.1ms)[0m  [1mSELECT  "urls".* FROM "urls" WHERE "urls"."short" = $1 LIMIT 1[0m  [["short", "3tdxb3"]]
Completed 500 Internal Server Error in 6ms (ActiveRecord: 1.0ms)

NoMethodError (undefined method `redirect_to_url' for #<RouterController:0x007f8dbd6879a8>):
  app/controllers/router_controller.rb:5:in `show'


  Rendered /Users/nowsiany/.rvm/rubies/ruby-2.1.2/lib/ruby/gems/2.1.0/gems/actionpack-4.2.1/lib/action_dispatch/middleware/templates/rescues/_source.erb (2.6ms)
  Rendered /Users/nowsiany/.rvm/rubies/ruby-2.1.2/lib/ruby/gems/2.1.0/gems/actionpack-4.2.1/lib/action_dispatch/middleware/templates/rescues/_trace.html.erb (1.2ms)
  Rendered /Users/nowsiany/.rvm/rubies/ruby-2.1.2/lib/ruby/gems/2.1.0/gems/actionpack-4.2.1/lib/action_dispatch/middleware/templates/rescues/_request_and_response.html.erb (0.6ms)
  Rendered /Users/nowsiany/.rvm/rubies/ruby-2.1.2/lib/ruby/gems/2.1.0/gems/actionpack-4.2.1/lib/action_dispatch/middleware/templates/rescues/diagnostics.html.erb within rescues/layout (13.1ms)


Started GET "/3tdxb3" for 127.0.0.1 at 2015-03-22 22:28:06 -0600
Processing by RouterController#show as HTML
  Parameters: {"short"=>"3tdxb3"}
  [1m[35mUrl Load (0.2ms)[0m  SELECT  "urls".* FROM "urls" WHERE "urls"."short" = $1 LIMIT 1  [["short", "3tdxb3"]]
Completed 500 Internal Server Error in 2ms (ActiveRecord: 0.2ms)

NoMethodError (undefined method `redirect_to_url' for #<RouterController:0x007f8dc40e3a40>):
  app/controllers/router_controller.rb:5:in `show'


  Rendered /Users/nowsiany/.rvm/rubies/ruby-2.1.2/lib/ruby/gems/2.1.0/gems/actionpack-4.2.1/lib/action_dispatch/middleware/templates/rescues/_source.erb (2.6ms)
  Rendered /Users/nowsiany/.rvm/rubies/ruby-2.1.2/lib/ruby/gems/2.1.0/gems/actionpack-4.2.1/lib/action_dispatch/middleware/templates/rescues/_trace.html.erb (1.3ms)
  Rendered /Users/nowsiany/.rvm/rubies/ruby-2.1.2/lib/ruby/gems/2.1.0/gems/actionpack-4.2.1/lib/action_dispatch/middleware/templates/rescues/_request_and_response.html.erb (0.6ms)
  Rendered /Users/nowsiany/.rvm/rubies/ruby-2.1.2/lib/ruby/gems/2.1.0/gems/actionpack-4.2.1/lib/action_dispatch/middleware/templates/rescues/diagnostics.html.erb within rescues/layout (11.5ms)
  [1m[36m (0.1ms)[0m  [1mBEGIN[0m
  [1m[35mUrl Exists (0.5ms)[0m  SELECT  1 AS one FROM "urls" WHERE "urls"."short" = 'haqihp' LIMIT 1
  [1m[36mSQL (0.2ms)[0m  [1mINSERT INTO "urls" ("long", "title", "short", "created_at", "updated_at") VALUES ($1, $2, $3, $4, $5) RETURNING "id"[0m  [["long", "http://www.google.com"], ["title", "Google"], ["short", "haqihp"], ["created_at", "2015-03-23 04:29:44.369840"], ["updated_at", "2015-03-23 04:29:44.369840"]]
  [1m[35m (0.3ms)[0m  COMMIT


Started GET "/haqihp" for 127.0.0.1 at 2015-03-22 22:30:11 -0600
Processing by RouterController#show as HTML
  Parameters: {"short"=>"haqihp"}
  [1m[36mUrl Load (0.2ms)[0m  [1mSELECT  "urls".* FROM "urls" WHERE "urls"."short" = $1 LIMIT 1[0m  [["short", "haqihp"]]
Completed 500 Internal Server Error in 2ms (ActiveRecord: 0.2ms)

NoMethodError (undefined method `redirect_to_url' for #<RouterController:0x007f8dbd5bcf78>):
  app/controllers/router_controller.rb:5:in `show'


  Rendered /Users/nowsiany/.rvm/rubies/ruby-2.1.2/lib/ruby/gems/2.1.0/gems/actionpack-4.2.1/lib/action_dispatch/middleware/templates/rescues/_source.erb (2.6ms)
  Rendered /Users/nowsiany/.rvm/rubies/ruby-2.1.2/lib/ruby/gems/2.1.0/gems/actionpack-4.2.1/lib/action_dispatch/middleware/templates/rescues/_trace.html.erb (1.4ms)
  Rendered /Users/nowsiany/.rvm/rubies/ruby-2.1.2/lib/ruby/gems/2.1.0/gems/actionpack-4.2.1/lib/action_dispatch/middleware/templates/rescues/_request_and_response.html.erb (0.6ms)
  Rendered /Users/nowsiany/.rvm/rubies/ruby-2.1.2/lib/ruby/gems/2.1.0/gems/actionpack-4.2.1/lib/action_dispatch/middleware/templates/rescues/diagnostics.html.erb within rescues/layout (12.0ms)


Started GET "/haqihp" for 127.0.0.1 at 2015-03-22 22:30:27 -0600
Processing by RouterController#show as HTML
  Parameters: {"short"=>"haqihp"}
  [1m[35mUrl Load (0.1ms)[0m  SELECT  "urls".* FROM "urls" WHERE "urls"."short" = $1 LIMIT 1  [["short", "haqihp"]]
Redirected to http://www.google.com
Completed 302 Found in 5ms (ActiveRecord: 1.2ms)
  [1m[36m (0.1ms)[0m  [1mBEGIN[0m
  [1m[35mUrl Exists (0.5ms)[0m  SELECT  1 AS one FROM "urls" WHERE "urls"."short" = '55hjwa' LIMIT 1
  [1m[36mSQL (0.2ms)[0m  [1mINSERT INTO "urls" ("long", "short", "created_at", "updated_at") VALUES ($1, $2, $3, $4) RETURNING "id"[0m  [["long", "http://www.google.com"], ["short", "55hjwa"], ["created_at", "2015-03-23 05:37:17.879971"], ["updated_at", "2015-03-23 05:37:17.879971"]]
  [1m[35m (0.4ms)[0m  COMMIT
  [1m[36m (0.1ms)[0m  [1mBEGIN[0m
  [1m[35mUrl Exists (0.6ms)[0m  SELECT  1 AS one FROM "urls" WHERE "urls"."short" = 'kvke9c' LIMIT 1
  [1m[36mSQL (0.2ms)[0m  [1mINSERT INTO "urls" ("long", "short", "created_at", "updated_at") VALUES ($1, $2, $3, $4) RETURNING "id"[0m  [["long", "http://www.google.com"], ["short", "kvke9c"], ["created_at", "2015-03-23 05:41:22.659653"], ["updated_at", "2015-03-23 05:41:22.659653"]]
  [1m[35m (0.4ms)[0m  COMMIT


Started GET "/api/v1/url" for 127.0.0.1 at 2015-03-23 10:25:21 -0600
  [1m[36mActiveRecord::SchemaMigration Load (0.2ms)[0m  [1mSELECT "schema_migrations".* FROM "schema_migrations"[0m
Processing by Api::V1::UrlController#index as JSON
  Parameters: {"subdomain"=>"api"}
  [1m[35mUrl Load (0.4ms)[0m  SELECT "urls".* FROM "urls"
Completed 200 OK in 8ms (Views: 3.9ms | ActiveRecord: 2.0ms)
  [1m[36m (0.1ms)[0m  [1mBEGIN[0m
  [1m[35mUrl Exists (0.4ms)[0m  SELECT  1 AS one FROM "urls" WHERE "urls"."short" = 'fz9sh1' LIMIT 1
  [1m[36mSQL (0.2ms)[0m  [1mINSERT INTO "urls" ("long", "short", "created_at", "updated_at") VALUES ($1, $2, $3, $4) RETURNING "id"[0m  [["long", "http://angular-rails.com/bootstrap.html"], ["short", "fz9sh1"], ["created_at", "2015-03-23 16:26:23.318626"], ["updated_at", "2015-03-23 16:26:23.318626"]]
  [1m[35m (0.3ms)[0m  COMMIT


Started GET "/api/v1/url" for 127.0.0.1 at 2015-03-23 10:26:54 -0600
Processing by Api::V1::UrlController#index as JSON
  Parameters: {"subdomain"=>"api"}
  [1m[36mUrl Load (0.2ms)[0m  [1mSELECT "urls".* FROM "urls"[0m
Completed 200 OK in 1ms (Views: 1.1ms | ActiveRecord: 0.2ms)


Started GET "/fz9sh1" for 127.0.0.1 at 2015-03-23 10:27:23 -0600
Processing by RouterController#show as HTML
  Parameters: {"short"=>"fz9sh1"}
  [1m[35mUrl Load (0.2ms)[0m  SELECT  "urls".* FROM "urls" WHERE "urls"."short" = $1 LIMIT 1  [["short", "fz9sh1"]]
Redirected to http://angular-rails.com/bootstrap.html
Completed 302 Found in 10ms (ActiveRecord: 0.3ms)
  [1m[36m (0.1ms)[0m  [1mBEGIN[0m
  [1m[35mUrl Exists (0.5ms)[0m  SELECT  1 AS one FROM "urls" WHERE "urls"."short" = 'tkisql' LIMIT 1
  [1m[36mSQL (0.3ms)[0m  [1mINSERT INTO "urls" ("long", "short", "created_at", "updated_at") VALUES ($1, $2, $3, $4) RETURNING "id"[0m  [["long", "https://www.kickstarter.com/jobs"], ["short", "tkisql"], ["created_at", "2015-03-23 16:43:30.854292"], ["updated_at", "2015-03-23 16:43:30.854292"]]
  [1m[35m (0.1ms)[0m  ROLLBACK
  [1m[36m (0.1ms)[0m  [1mBEGIN[0m
  [1m[35mUrl Exists (0.2ms)[0m  SELECT  1 AS one FROM "urls" WHERE "urls"."short" = 'b4dw5x' LIMIT 1
  [1m[36mSQL (0.1ms)[0m  [1mINSERT INTO "urls" ("long", "short", "created_at", "updated_at") VALUES ($1, $2, $3, $4) RETURNING "id"[0m  [["long", "https://www.kickstarter.com/jobs"], ["short", "b4dw5x"], ["created_at", "2015-03-23 16:45:34.065882"], ["updated_at", "2015-03-23 16:45:34.065882"]]
  [1m[35m (0.1ms)[0m  ROLLBACK
  [1m[36m (0.1ms)[0m  [1mBEGIN[0m
  [1m[35mUrl Exists (0.1ms)[0m  SELECT  1 AS one FROM "urls" WHERE "urls"."short" = 'lnajuj' LIMIT 1
  [1m[36mSQL (0.1ms)[0m  [1mINSERT INTO "urls" ("long", "short", "created_at", "updated_at") VALUES ($1, $2, $3, $4) RETURNING "id"[0m  [["long", "https://www.kickstarter.com/jobs"], ["short", "lnajuj"], ["created_at", "2015-03-23 16:45:56.942080"], ["updated_at", "2015-03-23 16:45:56.942080"]]
  [1m[35m (0.1ms)[0m  ROLLBACK
  [1m[36m (0.1ms)[0m  [1mBEGIN[0m
  [1m[35mUrl Exists (0.1ms)[0m  SELECT  1 AS one FROM "urls" WHERE "urls"."short" = 'bc10kw' LIMIT 1
  [1m[36mSQL (0.1ms)[0m  [1mINSERT INTO "urls" ("long", "short", "created_at", "updated_at") VALUES ($1, $2, $3, $4) RETURNING "id"[0m  [["long", "https://www.kickstarter.com/jobs"], ["short", "bc10kw"], ["created_at", "2015-03-23 16:47:56.729410"], ["updated_at", "2015-03-23 16:47:56.729410"]]
  [1m[35m (0.1ms)[0m  ROLLBACK


Started POST "/api/v1/url" for 127.0.0.1 at 2015-03-23 10:56:55 -0600
  [1m[36mActiveRecord::SchemaMigration Load (0.2ms)[0m  [1mSELECT "schema_migrations".* FROM "schema_migrations"[0m
Processing by Api::V1::UrlController#create as JSON
  Parameters: {"long:https://ryanboland.com/blog/writing-your-first-background-worker/"=>nil, "subdomain"=>"api"}
Completed 400 Bad Request in 1ms (ActiveRecord: 0.0ms)

ActionController::ParameterMissing (param is missing or the value is empty: url):
  app/controllers/api/v1/url_controller.rb:22:in `url_params'
  app/controllers/api/v1/url_controller.rb:9:in `create'


  Rendered /Users/nowsiany/.rvm/rubies/ruby-2.1.2/lib/ruby/gems/2.1.0/gems/actionpack-4.2.1/lib/action_dispatch/middleware/templates/rescues/_source.erb (2.9ms)
  Rendered /Users/nowsiany/.rvm/rubies/ruby-2.1.2/lib/ruby/gems/2.1.0/gems/actionpack-4.2.1/lib/action_dispatch/middleware/templates/rescues/_trace.html.erb (1.4ms)
  Rendered /Users/nowsiany/.rvm/rubies/ruby-2.1.2/lib/ruby/gems/2.1.0/gems/actionpack-4.2.1/lib/action_dispatch/middleware/templates/rescues/_request_and_response.html.erb (0.5ms)
  Rendered /Users/nowsiany/.rvm/rubies/ruby-2.1.2/lib/ruby/gems/2.1.0/gems/actionpack-4.2.1/lib/action_dispatch/middleware/templates/rescues/diagnostics.html.erb within rescues/layout (12.9ms)


Started POST "/api/v1/url" for 127.0.0.1 at 2015-03-23 10:59:01 -0600
Processing by Api::V1::UrlController#create as JSON
  Parameters: {"url"=>{"long"=>{":https://ryanboland.com/blog/writing-your-first-background-worker/"=>nil}}, "subdomain"=>"api"}
Unpermitted parameter: long
  [1m[35m (0.1ms)[0m  BEGIN
  [1m[36mUrl Exists (0.5ms)[0m  [1mSELECT  1 AS one FROM "urls" WHERE "urls"."short" = 'azrebk' LIMIT 1[0m
  [1m[35m (0.1ms)[0m  ROLLBACK
Completed 200 OK in 13ms (Views: 0.1ms | ActiveRecord: 2.1ms)


Started POST "/api/v1/url" for 127.0.0.1 at 2015-03-23 10:59:20 -0600
Processing by Api::V1::UrlController#create as JSON
  Parameters: {"url"=>{"long"=>"https://ryanboland.com/blog/writing-your-first-background-worker/"}, "subdomain"=>"api"}
  [1m[36m (0.1ms)[0m  [1mBEGIN[0m
  [1m[35mUrl Exists (0.1ms)[0m  SELECT  1 AS one FROM "urls" WHERE "urls"."short" = 'cm6ulg' LIMIT 1
  [1m[36mSQL (0.2ms)[0m  [1mINSERT INTO "urls" ("long", "short", "created_at", "updated_at") VALUES ($1, $2, $3, $4) RETURNING "id"[0m  [["long", "https://ryanboland.com/blog/writing-your-first-background-worker/"], ["short", "cm6ulg"], ["created_at", "2015-03-23 16:59:20.332325"], ["updated_at", "2015-03-23 16:59:20.332325"]]
  [1m[35m (0.2ms)[0m  COMMIT
Completed 200 OK in 4ms (Views: 0.2ms | ActiveRecord: 0.7ms)
  [1m[36mUrl Load (0.2ms)[0m  [1mSELECT  "urls".* FROM "urls" WHERE "urls"."id" = $1 LIMIT 1[0m  [["id", 11]]


Started GET "/api/v1/url" for 127.0.0.1 at 2015-03-23 10:59:34 -0600
Processing by Api::V1::UrlController#index as JSON
  Parameters: {"subdomain"=>"api"}
  [1m[36mUrl Load (0.2ms)[0m  [1mSELECT "urls".* FROM "urls"[0m
Completed 200 OK in 2ms (Views: 1.5ms | ActiveRecord: 0.2ms)


Started GET "/api/v1/url" for 127.0.0.1 at 2015-03-23 10:59:36 -0600
Processing by Api::V1::UrlController#index as JSON
  Parameters: {"subdomain"=>"api"}
  [1m[35mUrl Load (0.2ms)[0m  SELECT "urls".* FROM "urls"
Completed 200 OK in 2ms (Views: 1.3ms | ActiveRecord: 0.2ms)


Started GET "/api/v1/url" for 127.0.0.1 at 2015-03-23 10:59:37 -0600
Processing by Api::V1::UrlController#index as JSON
  Parameters: {"subdomain"=>"api"}
  [1m[36mUrl Load (0.2ms)[0m  [1mSELECT "urls".* FROM "urls"[0m
Completed 200 OK in 2ms (Views: 1.3ms | ActiveRecord: 0.2ms)


Started GET "/api/v1/url" for 127.0.0.1 at 2015-03-23 10:59:38 -0600
Processing by Api::V1::UrlController#index as JSON
  Parameters: {"subdomain"=>"api"}
  [1m[35mUrl Load (0.2ms)[0m  SELECT "urls".* FROM "urls"
Completed 200 OK in 2ms (Views: 1.5ms | ActiveRecord: 0.2ms)


Started GET "/api/v1/url" for 127.0.0.1 at 2015-03-23 10:59:39 -0600
Processing by Api::V1::UrlController#index as JSON
  Parameters: {"subdomain"=>"api"}
  [1m[36mUrl Load (0.2ms)[0m  [1mSELECT "urls".* FROM "urls"[0m
Completed 200 OK in 2ms (Views: 1.3ms | ActiveRecord: 0.1ms)
  [1m[35mUrl Load (0.2ms)[0m  SELECT  "urls".* FROM "urls" WHERE "urls"."id" = $1 LIMIT 1  [["id", 11]]
  [1m[36mUrl Load (0.2ms)[0m  [1mSELECT  "urls".* FROM "urls" WHERE "urls"."id" = $1 LIMIT 1[0m  [["id", 11]]
  [1m[35mUrl Load (0.2ms)[0m  SELECT  "urls".* FROM "urls" WHERE "urls"."id" = $1 LIMIT 1  [["id", 11]]


Started POST "/api/v1/url" for 127.0.0.1 at 2015-03-23 11:02:06 -0600
Processing by Api::V1::UrlController#create as JSON
  Parameters: {"url"=>{"long"=>"https://ryanboland.com/blog/writing-your-first-background-worker/"}, "subdomain"=>"api"}
  [1m[35m (0.0ms)[0m  BEGIN
  [1m[36mUrl Exists (0.1ms)[0m  [1mSELECT  1 AS one FROM "urls" WHERE "urls"."short" = 'a96u7j' LIMIT 1[0m
  [1m[35mSQL (0.1ms)[0m  INSERT INTO "urls" ("long", "short", "created_at", "updated_at") VALUES ($1, $2, $3, $4) RETURNING "id"  [["long", "https://ryanboland.com/blog/writing-your-first-background-worker/"], ["short", "a96u7j"], ["created_at", "2015-03-23 17:02:06.418380"], ["updated_at", "2015-03-23 17:02:06.418380"]]
  [1m[36m (0.2ms)[0m  [1mCOMMIT[0m
Completed 200 OK in 8ms (Views: 0.3ms | ActiveRecord: 1.5ms)
  [1m[36mUrl Load (0.2ms)[0m  [1mSELECT  "urls".* FROM "urls" WHERE "urls"."id" = $1 LIMIT 1[0m  [["id", 12]]


Started POST "/api/v1/url" for 127.0.0.1 at 2015-03-23 11:02:33 -0600
Processing by Api::V1::UrlController#create as JSON
  Parameters: {"url"=>{"long"=>"https://ryanboland.com/blog/writing-your-first-background-worker/"}, "subdomain"=>"api"}
  [1m[35m (0.1ms)[0m  BEGIN
  [1m[36mUrl Exists (0.2ms)[0m  [1mSELECT  1 AS one FROM "urls" WHERE "urls"."short" = 'fwi0nm' LIMIT 1[0m
  [1m[35mSQL (0.1ms)[0m  INSERT INTO "urls" ("long", "short", "created_at", "updated_at") VALUES ($1, $2, $3, $4) RETURNING "id"  [["long", "https://ryanboland.com/blog/writing-your-first-background-worker/"], ["short", "fwi0nm"], ["created_at", "2015-03-23 17:02:33.366472"], ["updated_at", "2015-03-23 17:02:33.366472"]]
  [1m[36m (0.2ms)[0m  [1mCOMMIT[0m
Completed 200 OK in 3ms (Views: 0.2ms | ActiveRecord: 0.6ms)
  [1m[36mUrl Load (0.2ms)[0m  [1mSELECT  "urls".* FROM "urls" WHERE "urls"."id" = $1 LIMIT 1[0m  [["id", 13]]
  [1m[35mSQL (0.4ms)[0m  UPDATE "urls" SET "title" = '
      Writing Your First Background Worker -
      Ryan Boland
    ' WHERE "urls"."id" = $1  [["id", 13]]


Started GET "/api/v1/url" for 127.0.0.1 at 2015-03-23 11:02:46 -0600
Processing by Api::V1::UrlController#index as JSON
  Parameters: {"subdomain"=>"api"}
  [1m[35mUrl Load (0.2ms)[0m  SELECT "urls".* FROM "urls"
Completed 200 OK in 2ms (Views: 1.8ms | ActiveRecord: 0.2ms)
  [1m[36mUrl Load (0.2ms)[0m  [1mSELECT  "urls".* FROM "urls" WHERE "urls"."id" = $1 LIMIT 1[0m  [["id", 12]]
  [1m[35mSQL (0.3ms)[0m  UPDATE "urls" SET "title" = '
      Writing Your First Background Worker -
      Ryan Boland
    ' WHERE "urls"."id" = $1  [["id", 12]]
  [1m[36mUrl Load (0.2ms)[0m  [1mSELECT  "urls".* FROM "urls" WHERE "urls"."id" = $1 LIMIT 1[0m  [["id", 11]]
  [1m[35mSQL (0.4ms)[0m  UPDATE "urls" SET "title" = '
      Writing Your First Background Worker -
      Ryan Boland
    ' WHERE "urls"."id" = $1  [["id", 11]]


Started POST "/api/v1/url" for 127.0.0.1 at 2015-03-23 11:05:50 -0600
Processing by Api::V1::UrlController#create as JSON
  Parameters: {"url"=>{"long"=>"http://travisjeffery.com/b/2012/04/rendering-errors-in-json-with-rails/"}, "subdomain"=>"api"}
  [1m[36m (0.1ms)[0m  [1mBEGIN[0m
  [1m[35mUrl Exists (0.2ms)[0m  SELECT  1 AS one FROM "urls" WHERE "urls"."short" = 'w8s74g' LIMIT 1
  [1m[36mSQL (0.1ms)[0m  [1mINSERT INTO "urls" ("long", "short", "created_at", "updated_at") VALUES ($1, $2, $3, $4) RETURNING "id"[0m  [["long", "http://travisjeffery.com/b/2012/04/rendering-errors-in-json-with-rails/"], ["short", "w8s74g"], ["created_at", "2015-03-23 17:05:50.312074"], ["updated_at", "2015-03-23 17:05:50.312074"]]
  [1m[35m (0.2ms)[0m  COMMIT
Completed 200 OK in 3ms (Views: 0.2ms | ActiveRecord: 0.6ms)
  [1m[36mUrl Load (0.2ms)[0m  [1mSELECT  "urls".* FROM "urls" WHERE "urls"."id" = $1 LIMIT 1[0m  [["id", 14]]
  [1m[35mSQL (0.3ms)[0m  UPDATE "urls" SET "title" = 'Rendering errors in json with rails - travis jeffery' WHERE "urls"."id" = $1  [["id", 14]]


Started GET "/api/v1/url" for 127.0.0.1 at 2015-03-23 11:05:57 -0600
Processing by Api::V1::UrlController#index as JSON
  Parameters: {"subdomain"=>"api"}
  [1m[36mUrl Load (0.2ms)[0m  [1mSELECT "urls".* FROM "urls"[0m
Completed 200 OK in 2ms (Views: 1.5ms | ActiveRecord: 0.2ms)


Started POST "/api/v1/url" for 127.0.0.1 at 2015-03-23 12:05:43 -0600
Processing by Api::V1::UrlController#create as JSON
  Parameters: {"url"=>{"long"=>"https://ryanboland.com/blog/writing-your-first-background-worker/"}, "subdomain"=>"api"}
  [1m[35m (0.1ms)[0m  BEGIN
  [1m[36mUrl Exists (0.1ms)[0m  [1mSELECT  1 AS one FROM "urls" WHERE "urls"."short" = 'iqskc9' LIMIT 1[0m
  [1m[35mSQL (0.1ms)[0m  INSERT INTO "urls" ("long", "short", "created_at", "updated_at") VALUES ($1, $2, $3, $4) RETURNING "id"  [["long", "https://ryanboland.com/blog/writing-your-first-background-worker/"], ["short", "iqskc9"], ["created_at", "2015-03-23 18:05:43.911978"], ["updated_at", "2015-03-23 18:05:43.911978"]]
  [1m[36m (0.2ms)[0m  [1mCOMMIT[0m
Completed 200 OK in 9ms (Views: 0.2ms | ActiveRecord: 1.7ms)
  [1m[36mUrl Load (0.2ms)[0m  [1mSELECT  "urls".* FROM "urls" WHERE "urls"."id" = $1 LIMIT 1[0m  [["id", 15]]
  [1m[35mSQL (0.4ms)[0m  UPDATE "urls" SET "title" = '
      Writing Your First Background Worker -
      Ryan Boland
    ' WHERE "urls"."id" = $1  [["id", 15]]


Started GET "/api/v1/url" for 127.0.0.1 at 2015-03-23 12:05:49 -0600
Processing by Api::V1::UrlController#index as JSON
  Parameters: {"subdomain"=>"api"}
  [1m[35mUrl Load (0.2ms)[0m  SELECT "urls".* FROM "urls"
Completed 200 OK in 2ms (Views: 2.1ms | ActiveRecord: 0.2ms)


Started GET "/api/v1/url" for 127.0.0.1 at 2015-03-23 12:05:50 -0600
Processing by Api::V1::UrlController#index as JSON
  Parameters: {"subdomain"=>"api"}
  [1m[36mUrl Load (0.1ms)[0m  [1mSELECT "urls".* FROM "urls"[0m
Completed 200 OK in 2ms (Views: 2.1ms | ActiveRecord: 0.1ms)


Started GET "/api/v1/url" for 127.0.0.1 at 2015-03-23 12:05:51 -0600
Processing by Api::V1::UrlController#index as JSON
  Parameters: {"subdomain"=>"api"}
  [1m[35mUrl Load (0.2ms)[0m  SELECT "urls".* FROM "urls"
Completed 200 OK in 2ms (Views: 1.9ms | ActiveRecord: 0.2ms)
  [1m[36m (14.2ms)[0m  [1mCREATE TABLE "schema_migrations" ("version" character varying NOT NULL) [0m
  [1m[35m (13.2ms)[0m  CREATE UNIQUE INDEX  "unique_schema_migrations" ON "schema_migrations"  ("version")
  [1m[36mActiveRecord::SchemaMigration Load (0.5ms)[0m  [1mSELECT "schema_migrations".* FROM "schema_migrations"[0m
Migrating to CreateUrls (20150322223849)
  [1m[35m (0.2ms)[0m  BEGIN
  [1m[36m (23.4ms)[0m  [1mCREATE TABLE "urls" ("id" serial primary key, "long" character varying, "short" character varying, "title" character varying, "created_at" timestamp NOT NULL, "updated_at" timestamp NOT NULL) [0m
  [1m[35mSQL (0.5ms)[0m  INSERT INTO "schema_migrations" ("version") VALUES ($1)  [["version", "20150322223849"]]
  [1m[36m (6.4ms)[0m  [1mCOMMIT[0m
  [1m[35mActiveRecord::SchemaMigration Load (0.2ms)[0m  SELECT "schema_migrations".* FROM "schema_migrations"
  [1m[36m (3.0ms)[0m  [1mSELECT t2.oid::regclass::text AS to_table, a1.attname AS column, a2.attname AS primary_key, c.conname AS name, c.confupdtype AS on_update, c.confdeltype AS on_delete
FROM pg_constraint c
JOIN pg_class t1 ON c.conrelid = t1.oid
JOIN pg_class t2 ON c.confrelid = t2.oid
JOIN pg_attribute a1 ON a1.attnum = c.conkey[1] AND a1.attrelid = t1.oid
JOIN pg_attribute a2 ON a2.attnum = c.confkey[1] AND a2.attrelid = t2.oid
JOIN pg_namespace t3 ON c.connamespace = t3.oid
WHERE c.contype = 'f'
  AND t1.relname = 'urls'
  AND t3.nspname = ANY (current_schemas(false))
ORDER BY c.conname
[0m
